<?xml version="1.0" encoding="UTF-8"?>
<testng-results ignored="0" total="1" passed="1" failed="0" skipped="0">
  <reporter-output>
    <line>
      <![CDATA[running verify user id]]>
    </line>
    <line>
      <![CDATA[logout the application]]>
    </line>
    <line>
      <![CDATA[close the app]]>
    </line>
  </reporter-output>
  <suite started-at="2022-09-05T16:01:53 IST" name="Default suite" finished-at="2022-09-05T16:02:03 IST" duration-ms="9892">
    <groups>
    </groups>
    <test started-at="2022-09-05T16:01:53 IST" name="Default test" finished-at="2022-09-05T16:02:03 IST" duration-ms="9892">
      <class name="Kite_Test.Test_Class">
        <test-method is-config="true" signature="openBrowser()[pri:0, instance:Kite_Test.Test_Class@741a8937]" started-at="2022-09-05T16:01:53 IST" name="openBrowser" finished-at="2022-09-05T16:01:59 IST" duration-ms="6011" status="PASS">
          <reporter-output>
          </reporter-output>
        </test-method> <!-- openBrowser -->
        <test-method is-config="true" signature="loginToApp()[pri:0, instance:Kite_Test.Test_Class@741a8937]" started-at="2022-09-05T16:01:59 IST" name="loginToApp" finished-at="2022-09-05T16:02:01 IST" duration-ms="1928" status="PASS">
          <reporter-output>
          </reporter-output>
        </test-method> <!-- loginToApp -->
        <test-method signature="verifyuserID()[pri:0, instance:Kite_Test.Test_Class@741a8937]" started-at="2022-09-05T16:02:01 IST" name="verifyuserID" finished-at="2022-09-05T16:02:03 IST" duration-ms="1861" status="PASS">
          <reporter-output>
            <line>
              <![CDATA[running verify user id]]>
            </line>
          </reporter-output>
        </test-method> <!-- verifyuserID -->
        <test-method is-config="true" signature="logoutApp()[pri:0, instance:Kite_Test.Test_Class@741a8937]" started-at="2022-09-05T16:02:03 IST" name="logoutApp" finished-at="2022-09-05T16:02:03 IST" duration-ms="0" status="PASS">
          <reporter-output>
            <line>
              <![CDATA[logout the application]]>
            </line>
          </reporter-output>
        </test-method> <!-- logoutApp -->
        <test-method is-config="true" signature="closeBrowser()[pri:0, instance:Kite_Test.Test_Class@741a8937]" started-at="2022-09-05T16:02:03 IST" name="closeBrowser" finished-at="2022-09-05T16:02:03 IST" duration-ms="0" status="PASS">
          <reporter-output>
            <line>
              <![CDATA[close the app]]>
            </line>
          </reporter-output>
        </test-method> <!-- closeBrowser -->
      </class> <!-- Kite_Test.Test_Class -->
    </test> <!-- Default test -->
  </suite> <!-- Default suite -->
</testng-results>
